ruiTianXia_cus/build/outputs/logs/manifest-merger-debug-report.txt
-- Merging decision tree log ---
manifest
ADDED from src\main\AndroidManifest.xml:2:1-375:12
	package
		ADDED from src\main\AndroidManifest.xml:3:5-38
		INJECTED from src\main\AndroidManifest.xml
		INJECTED from src\main\AndroidManifest.xml
	android:versionName
		ADDED from src\main\AndroidManifest.xml:5:5-30
		INJECTED from src\main\AndroidManifest.xml
		INJECTED from src\main\AndroidManifest.xml
	android:versionCode
		ADDED from src\main\AndroidManifest.xml:4:5-28
		INJECTED from src\main\AndroidManifest.xml
		INJECTED from src\main\AndroidManifest.xml
	xmlns:android
		ADDED from src\main\AndroidManifest.xml:2:11-69
uses-sdk
ADDED from src\main\AndroidManifest.xml:7:5-43
MERGED from [LvdiCusAs:baseFramwork:unspecified] AndroidManifest.xml:7:5-9:41
MERGED from [com.android.support:support-v4:20.0.0] AndroidManifest.xml:16:5-42
MERGED from [com.android.support:support-v4:20.0.0] AndroidManifest.xml:16:5-42
	android:targetSdkVersion
		INJECTED from src\main\AndroidManifest.xml
		INJECTED from src\main\AndroidManifest.xml
	android:minSdkVersion
		ADDED from src\main\AndroidManifest.xml:7:15-40
		INJECTED from src\main\AndroidManifest.xml
		INJECTED from src\main\AndroidManifest.xml
permission#com.lvdi.ruitianxia_cus.permission.JPUSH_MESSAGE
ADDED from src\main\AndroidManifest.xml:9:5-11:47
	android:protectionLevel
		ADDED from src\main\AndroidManifest.xml:11:9-44
	android:name
		ADDED from src\main\AndroidManifest.xml:10:9-72
uses-permission#android.permission.MODIFY_AUDIO_SETTINGS
ADDED from src\main\AndroidManifest.xml:13:5-80
	android:name
		ADDED from src\main\AndroidManifest.xml:13:22-77
uses-permission#android.permission.INTERNET
ADDED from src\main\AndroidManifest.xml:14:5-67
	android:name
		ADDED from src\main\AndroidManifest.xml:14:22-64
uses-permission#android.permission.READ_PHONE_STATE
ADDED from src\main\AndroidManifest.xml:15:5-75
	android:name
		ADDED from src\main\AndroidManifest.xml:15:22-72
uses-permission#android.permission.ACCESS_NETWORK_STATE
ADDED from src\main\AndroidManifest.xml:16:5-79
	android:name
		ADDED from src\main\AndroidManifest.xml:16:22-76
uses-permission#android.permission.ACCESS_COARSE_LOCATION
ADDED from src\main\AndroidManifest.xml:17:5-81
	android:name
		ADDED from src\main\AndroidManifest.xml:17:22-78
uses-permission#android.permission.WRITE_EXTERNAL_STORAGE
ADDED from src\main\AndroidManifest.xml:18:5-81
	android:name
		ADDED from src\main\AndroidManifest.xml:18:22-78
uses-permission#android.permission.ACCESS_WIFI_STATE
ADDED from src\main\AndroidManifest.xml:19:5-76
	android:name
		ADDED from src\main\AndroidManifest.xml:19:22-73
uses-permission#android.permission.CHANGE_WIFI_STATE
ADDED from src\main\AndroidManifest.xml:20:5-76
	android:name
		ADDED from src\main\AndroidManifest.xml:20:22-73
uses-permission#android.permission.SYSTEM_ALERT_WINDOW
ADDED from src\main\AndroidManifest.xml:21:5-78
	android:name
		ADDED from src\main\AndroidManifest.xml:21:22-75
uses-permission#android.permission.WAKE_LOCK
ADDED from src\main\AndroidManifest.xml:22:5-68
	android:name
		ADDED from src\main\AndroidManifest.xml:22:22-65
uses-permission#android.permission.VIBRATE
ADDED from src\main\AndroidManifest.xml:23:5-66
	android:name
		ADDED from src\main\AndroidManifest.xml:23:22-63
uses-permission#android.permission.RECORD_AUDIO
ADDED from src\main\AndroidManifest.xml:24:5-71
	android:name
		ADDED from src\main\AndroidManifest.xml:24:22-68
uses-permission#android.webkit.permission.PLUGIN
ADDED from src\main\AndroidManifest.xml:25:5-72
	android:name
		ADDED from src\main\AndroidManifest.xml:25:22-69
uses-permission#com.android.launcher.permission.INSTALL_SHORTCUT
ADDED from src\main\AndroidManifest.xml:27:5-88
	android:name
		ADDED from src\main\AndroidManifest.xml:27:22-85
uses-permission#com.android.browser.permission.READ_HISTORY_BOOKMARKS
ADDED from src\main\AndroidManifest.xml:28:5-93
	android:name
		ADDED from src\main\AndroidManifest.xml:28:22-90
uses-permission#com.android.browser.permission.WRITE_HISTORY_BOOKMARKS
ADDED from src\main\AndroidManifest.xml:29:5-94
	android:name
		ADDED from src\main\AndroidManifest.xml:29:22-91
uses-permission#android.permission.GET_TASKS
ADDED from src\main\AndroidManifest.xml:32:5-68
	android:name
		ADDED from src\main\AndroidManifest.xml:32:22-65
uses-permission#com.lvdi.ruitianxia_cus.permission.JPUSH_MESSAGE
ADDED from src\main\AndroidManifest.xml:34:5-88
	android:name
		ADDED from src\main\AndroidManifest.xml:34:22-85
uses-permission#android.permission.RECEIVE_USER_PRESENT
ADDED from src\main\AndroidManifest.xml:35:5-79
	android:name
		ADDED from src\main\AndroidManifest.xml:35:22-76
uses-permission#android.permission.READ_EXTERNAL_STORAGE
ADDED from src\main\AndroidManifest.xml:36:5-80
	android:name
		ADDED from src\main\AndroidManifest.xml:36:22-77
uses-permission#android.permission.WRITE_SETTINGS
ADDED from src\main\AndroidManifest.xml:37:5-73
	android:name
		ADDED from src\main\AndroidManifest.xml:37:22-70
uses-permission#android.permission.MOUNT_UNMOUNT_FILESYSTEMS
ADDED from src\main\AndroidManifest.xml:38:5-84
	android:name
		ADDED from src\main\AndroidManifest.xml:38:22-81
uses-permission#android.permission.ACCESS_FINE_LOCATION
ADDED from src\main\AndroidManifest.xml:41:5-42:23
	android:name
		ADDED from src\main\AndroidManifest.xml:41:22-76
uses-permission#android.permission.READ_LOGS
ADDED from src\main\AndroidManifest.xml:43:5-44:23
	android:name
		ADDED from src\main\AndroidManifest.xml:43:22-65
application
ADDED from src\main\AndroidManifest.xml:46:5-373:19
MERGED from [com.android.support:support-v4:20.0.0] AndroidManifest.xml:17:5-19
MERGED from [com.android.support:support-v4:20.0.0] AndroidManifest.xml:17:5-19
	android:label
		ADDED from src\main\AndroidManifest.xml:50:9-41
	android:allowBackup
		ADDED from src\main\AndroidManifest.xml:48:9-35
	android:icon
		ADDED from src\main\AndroidManifest.xml:49:9-38
	android:theme
		ADDED from src\main\AndroidManifest.xml:51:9-39
	android:name
		ADDED from src\main\AndroidManifest.xml:47:9-45
activity#cn.jpush.android.ui.PushActivity
ADDED from src\main\AndroidManifest.xml:54:9-65:20
	android:exported
		ADDED from src\main\AndroidManifest.xml:57:13-37
	android:configChanges
		ADDED from src\main\AndroidManifest.xml:56:13-63
	android:theme
		ADDED from src\main\AndroidManifest.xml:58:13-60
	android:name
		ADDED from src\main\AndroidManifest.xml:55:13-60
intent-filter#android.intent.category.DEFAULT+cn.jpush.android.ui.PushActivity+com.lvdi.ruitianxia_cus
ADDED from src\main\AndroidManifest.xml:59:13-64:29
action#cn.jpush.android.ui.PushActivity
ADDED from src\main\AndroidManifest.xml:60:17-75
	android:name
		ADDED from src\main\AndroidManifest.xml:60:25-72
category#android.intent.category.DEFAULT
ADDED from src\main\AndroidManifest.xml:62:17-76
	android:name
		ADDED from src\main\AndroidManifest.xml:62:27-73
category#com.lvdi.ruitianxia_cus
ADDED from src\main\AndroidManifest.xml:63:17-68
	android:name
		ADDED from src\main\AndroidManifest.xml:63:27-65
service#cn.jpush.android.service.DownloadService
ADDED from src\main\AndroidManifest.xml:67:9-71:19
	android:enabled
		ADDED from src\main\AndroidManifest.xml:69:13-35
	android:exported
		ADDED from src\main\AndroidManifest.xml:70:13-37
	android:name
		ADDED from src\main\AndroidManifest.xml:68:13-68
service#cn.jpush.android.service.PushService
ADDED from src\main\AndroidManifest.xml:75:9-85:19
	android:enabled
		ADDED from src\main\AndroidManifest.xml:77:13-35
	android:exported
		ADDED from src\main\AndroidManifest.xml:78:13-37
	android:name
		ADDED from src\main\AndroidManifest.xml:76:13-64
intent-filter#cn.jpush.android.intent.PUSH_TIME+cn.jpush.android.intent.PushService+cn.jpush.android.intent.REGISTER+cn.jpush.android.intent.REPORT
ADDED from src\main\AndroidManifest.xml:79:13-84:29
action#cn.jpush.android.intent.REGISTER
ADDED from src\main\AndroidManifest.xml:80:17-75
	android:name
		ADDED from src\main\AndroidManifest.xml:80:25-72
action#cn.jpush.android.intent.REPORT
ADDED from src\main\AndroidManifest.xml:81:17-73
	android:name
		ADDED from src\main\AndroidManifest.xml:81:25-70
action#cn.jpush.android.intent.PushService
ADDED from src\main\AndroidManifest.xml:82:17-78
	android:name
		ADDED from src\main\AndroidManifest.xml:82:25-75
action#cn.jpush.android.intent.PUSH_TIME
ADDED from src\main\AndroidManifest.xml:83:17-76
	android:name
		ADDED from src\main\AndroidManifest.xml:83:25-73
service#cn.jpush.android.service.DaemonService
ADDED from src\main\AndroidManifest.xml:89:9-98:19
	android:enabled
		ADDED from src\main\AndroidManifest.xml:91:13-35
	android:exported
		ADDED from src\main\AndroidManifest.xml:92:13-36
	android:name
		ADDED from src\main\AndroidManifest.xml:90:13-66
intent-filter#cn.jpush.android.intent.DaemonService+com.lvdi.ruitianxia_cus
ADDED from src\main\AndroidManifest.xml:93:13-97:29
action#cn.jpush.android.intent.DaemonService
ADDED from src\main\AndroidManifest.xml:94:17-80
	android:name
		ADDED from src\main\AndroidManifest.xml:94:25-77
receiver#cn.jpush.android.service.PushReceiver
ADDED from src\main\AndroidManifest.xml:101:9-120:20
	android:enabled
		ADDED from src\main\AndroidManifest.xml:103:13-35
	android:exported
		ADDED from src\main\AndroidManifest.xml:104:13-37
	android:name
		ADDED from src\main\AndroidManifest.xml:102:13-65
intent-filter#cn.jpush.android.intent.NOTIFICATION_RECEIVED_PROXY+com.lvdi.ruitianxia_cus
ADDED from src\main\AndroidManifest.xml:105:13-108:29
	android:priority
		ADDED from src\main\AndroidManifest.xml:105:28-51
action#cn.jpush.android.intent.NOTIFICATION_RECEIVED_PROXY
ADDED from src\main\AndroidManifest.xml:106:17-94
	android:name
		ADDED from src\main\AndroidManifest.xml:106:25-91
intent-filter#android.intent.action.USER_PRESENT+android.net.conn.CONNECTIVITY_CHANGE
ADDED from src\main\AndroidManifest.xml:109:13-112:29
action#android.intent.action.USER_PRESENT
ADDED from src\main\AndroidManifest.xml:110:17-77
	android:name
		ADDED from src\main\AndroidManifest.xml:110:25-74
action#android.net.conn.CONNECTIVITY_CHANGE
ADDED from src\main\AndroidManifest.xml:111:17-79
	android:name
		ADDED from src\main\AndroidManifest.xml:111:25-76
intent-filter#android.intent.action.PACKAGE_ADDED+android.intent.action.PACKAGE_REMOVED
ADDED from src\main\AndroidManifest.xml:114:13-119:29
action#android.intent.action.PACKAGE_ADDED
ADDED from src\main\AndroidManifest.xml:115:17-78
	android:name
		ADDED from src\main\AndroidManifest.xml:115:25-75
action#android.intent.action.PACKAGE_REMOVED
ADDED from src\main\AndroidManifest.xml:116:17-80
	android:name
		ADDED from src\main\AndroidManifest.xml:116:25-77
data
ADDED from src\main\AndroidManifest.xml:118:17-50
	android:scheme
		ADDED from src\main\AndroidManifest.xml:118:23-47
receiver#cn.jpush.android.service.AlarmReceiver
ADDED from src\main\AndroidManifest.xml:123:9-125:40
	android:exported
		ADDED from src\main\AndroidManifest.xml:125:13-37
	android:name
		ADDED from src\main\AndroidManifest.xml:124:13-66
receiver#com.lvdi.ruitianxia_cus.reveiver.MyReceiver
ADDED from src\main\AndroidManifest.xml:128:9-142:20
	android:enabled
		ADDED from src\main\AndroidManifest.xml:130:13-35
	android:exported
		ADDED from src\main\AndroidManifest.xml:131:13-37
	android:name
		ADDED from src\main\AndroidManifest.xml:129:13-71
intent-filter#cn.jpush.android.intent.ACTION_RICHPUSH_CALLBACK+cn.jpush.android.intent.CONNECTION+cn.jpush.android.intent.MESSAGE_RECEIVED+cn.jpush.android.intent.NOTIFICATION_OPENED+cn.jpush.android.intent.NOTIFICATION_RECEIVED+cn.jpush.android.intent.REGISTRATION+cn.jpush.android.intent.UNREGISTRATION+com.lvdi.ruitianxia_cus
ADDED from src\main\AndroidManifest.xml:132:13-141:29
action#cn.jpush.android.intent.REGISTRATION
ADDED from src\main\AndroidManifest.xml:133:17-79
	android:name
		ADDED from src\main\AndroidManifest.xml:133:25-76
action#cn.jpush.android.intent.UNREGISTRATION
ADDED from src\main\AndroidManifest.xml:134:17-81
	android:name
		ADDED from src\main\AndroidManifest.xml:134:25-78
action#cn.jpush.android.intent.MESSAGE_RECEIVED
ADDED from src\main\AndroidManifest.xml:135:17-83
	android:name
		ADDED from src\main\AndroidManifest.xml:135:25-80
action#cn.jpush.android.intent.NOTIFICATION_RECEIVED
ADDED from src\main\AndroidManifest.xml:136:17-88
	android:name
		ADDED from src\main\AndroidManifest.xml:136:25-85
action#cn.jpush.android.intent.NOTIFICATION_OPENED
ADDED from src\main\AndroidManifest.xml:137:17-86
	android:name
		ADDED from src\main\AndroidManifest.xml:137:25-83
action#cn.jpush.android.intent.ACTION_RICHPUSH_CALLBACK
ADDED from src\main\AndroidManifest.xml:138:17-91
	android:name
		ADDED from src\main\AndroidManifest.xml:138:25-88
action#cn.jpush.android.intent.CONNECTION
ADDED from src\main\AndroidManifest.xml:139:17-77
	android:name
		ADDED from src\main\AndroidManifest.xml:139:25-74
meta-data#JPUSH_CHANNEL
ADDED from src\main\AndroidManifest.xml:145:9-147:49
	android:value
		ADDED from src\main\AndroidManifest.xml:147:13-46
	android:name
		ADDED from src\main\AndroidManifest.xml:146:13-41
meta-data#JPUSH_APPKEY
ADDED from src\main\AndroidManifest.xml:148:9-150:56
	android:value
		ADDED from src\main\AndroidManifest.xml:150:13-53
	android:name
		ADDED from src\main\AndroidManifest.xml:149:13-40
activity#com.alipay.sdk.app.H5PayActivity
ADDED from src\main\AndroidManifest.xml:152:9-157:20
	android:screenOrientation
		ADDED from src\main\AndroidManifest.xml:156:13-47
	android:exported
		ADDED from src\main\AndroidManifest.xml:155:13-37
	android:configChanges
		ADDED from src\main\AndroidManifest.xml:154:13-74
	android:name
		ADDED from src\main\AndroidManifest.xml:153:13-60
activity#com.alipay.sdk.auth.AuthActivity
ADDED from src\main\AndroidManifest.xml:158:9-163:20
	android:screenOrientation
		ADDED from src\main\AndroidManifest.xml:162:13-47
	android:exported
		ADDED from src\main\AndroidManifest.xml:161:13-37
	android:configChanges
		ADDED from src\main\AndroidManifest.xml:160:13-74
	android:name
		ADDED from src\main\AndroidManifest.xml:159:13-60
receiver#com.lvdi.ruitianxia_cus.wxapi.AppRegister
ADDED from src\main\AndroidManifest.xml:166:9-170:20
	android:name
		ADDED from src\main\AndroidManifest.xml:166:19-75
intent-filter#com.tencent.mm.plugin.openapi.Intent.ACTION_REFRESH_WXAPP
ADDED from src\main\AndroidManifest.xml:167:13-169:29
action#com.tencent.mm.plugin.openapi.Intent.ACTION_REFRESH_WXAPP
ADDED from src\main\AndroidManifest.xml:168:17-100
	android:name
		ADDED from src\main\AndroidManifest.xml:168:25-97
activity#com.lvdi.ruitianxia_cus.wxapi.WXPayEntryActivity
ADDED from src\main\AndroidManifest.xml:172:9-175:46
	android:launchMode
		ADDED from src\main\AndroidManifest.xml:175:13-43
	android:exported
		ADDED from src\main\AndroidManifest.xml:174:13-36
	android:name
		ADDED from src\main\AndroidManifest.xml:173:13-76
activity#com.lvdi.ruitianxia_cus.activity.order.PayMethodActivity
ADDED from src\main\AndroidManifest.xml:177:9-189:20
	android:launchMode
		ADDED from src\main\AndroidManifest.xml:181:13-43
	android:exported
		ADDED from src\main\AndroidManifest.xml:180:13-36
	android:configChanges
		ADDED from src\main\AndroidManifest.xml:179:13-63
	android:name
		ADDED from src\main\AndroidManifest.xml:178:13-61
intent-filter#android.intent.action.VIEW+android.intent.category.DEFAULT
ADDED from src\main\AndroidManifest.xml:182:13-188:29
action#android.intent.action.VIEW
ADDED from src\main\AndroidManifest.xml:183:17-69
	android:name
		ADDED from src\main\AndroidManifest.xml:183:25-66
activity#com.lvdi.ruitianxia_cus.activity.LauncherActivity
ADDED from src\main\AndroidManifest.xml:190:9-199:20
	android:configChanges
		ADDED from src\main\AndroidManifest.xml:192:13-63
	android:theme
		ADDED from src\main\AndroidManifest.xml:193:13-44
	android:name
		ADDED from src\main\AndroidManifest.xml:191:13-54
intent-filter#android.intent.action.MAIN+android.intent.category.LAUNCHER
ADDED from src\main\AndroidManifest.xml:194:13-198:29
action#android.intent.action.MAIN
ADDED from src\main\AndroidManifest.xml:195:17-69
	android:name
		ADDED from src\main\AndroidManifest.xml:195:25-66
category#android.intent.category.LAUNCHER
ADDED from src\main\AndroidManifest.xml:197:17-77
	android:name
		ADDED from src\main\AndroidManifest.xml:197:27-74
activity#com.lvdi.ruitianxia_cus.activity.LoginActivity
ADDED from src\main\AndroidManifest.xml:200:9-203:20
	android:configChanges
		ADDED from src\main\AndroidManifest.xml:202:13-63
	android:name
		ADDED from src\main\AndroidManifest.xml:201:13-51
activity#com.lvdi.ruitianxia_cus.activity.GuideActivity
ADDED from src\main\AndroidManifest.xml:204:9-207:20
	android:configChanges
		ADDED from src\main\AndroidManifest.xml:206:13-63
	android:name
		ADDED from src\main\AndroidManifest.xml:205:13-51
activity#com.lvdi.ruitianxia_cus.activity.MainActivity
ADDED from src\main\AndroidManifest.xml:208:9-212:20
	android:launchMode
		ADDED from src\main\AndroidManifest.xml:211:13-43
	android:configChanges
		ADDED from src\main\AndroidManifest.xml:210:13-63
	android:name
		ADDED from src\main\AndroidManifest.xml:209:13-50
activity#com.lvdi.ruitianxia_cus.activity.RegisterActivity
ADDED from src\main\AndroidManifest.xml:213:9-216:20
	android:configChanges
		ADDED from src\main\AndroidManifest.xml:215:13-63
	android:name
		ADDED from src\main\AndroidManifest.xml:214:13-54
activity#com.lvdi.ruitianxia_cus.activity.RegisterSuccessActivity
ADDED from src\main\AndroidManifest.xml:217:9-220:20
	android:configChanges
		ADDED from src\main\AndroidManifest.xml:219:13-63
	android:name
		ADDED from src\main\AndroidManifest.xml:218:13-61
activity#com.lvdi.ruitianxia_cus.activity.FindPassword1Activity
ADDED from src\main\AndroidManifest.xml:221:9-224:20
	android:configChanges
		ADDED from src\main\AndroidManifest.xml:223:13-63
	android:name
		ADDED from src\main\AndroidManifest.xml:222:13-59
activity#com.lvdi.ruitianxia_cus.activity.FindPassword2Activity
ADDED from src\main\AndroidManifest.xml:225:9-228:20
	android:configChanges
		ADDED from src\main\AndroidManifest.xml:227:13-63
	android:name
		ADDED from src\main\AndroidManifest.xml:226:13-59
activity#com.lvdi.ruitianxia_cus.activity.FindPassword3Activity
ADDED from src\main\AndroidManifest.xml:229:9-232:20
	android:configChanges
		ADDED from src\main\AndroidManifest.xml:231:13-63
	android:name
		ADDED from src\main\AndroidManifest.xml:230:13-59
activity#com.lvdi.ruitianxia_cus.activity.PersonCenterActivity
ADDED from src\main\AndroidManifest.xml:233:9-236:20
	android:configChanges
		ADDED from src\main\AndroidManifest.xml:235:13-63
	android:name
		ADDED from src\main\AndroidManifest.xml:234:13-58
activity#com.lvdi.ruitianxia_cus.activity.PersonInfoActivity
ADDED from src\main\AndroidManifest.xml:237:9-240:20
	android:configChanges
		ADDED from src\main\AndroidManifest.xml:239:13-63
	android:name
		ADDED from src\main\AndroidManifest.xml:238:13-56
activity#com.lvdi.ruitianxia_cus.activity.PicSelectActivity
ADDED from src\main\AndroidManifest.xml:241:9-244:20
	android:configChanges
		ADDED from src\main\AndroidManifest.xml:243:13-63
	android:name
		ADDED from src\main\AndroidManifest.xml:242:13-55
activity#com.lvdi.ruitianxia_cus.activity.UnifyWebViewActivity
ADDED from src\main\AndroidManifest.xml:245:9-248:20
	android:configChanges
		ADDED from src\main\AndroidManifest.xml:247:13-63
	android:name
		ADDED from src\main\AndroidManifest.xml:246:13-58
activity#com.lvdi.ruitianxia_cus.activity.CropImageActivity
ADDED from src\main\AndroidManifest.xml:249:9-252:20
	android:configChanges
		ADDED from src\main\AndroidManifest.xml:251:13-63
	android:name
		ADDED from src\main\AndroidManifest.xml:250:13-55
activity#com.lvdi.ruitianxia_cus.activity.MyAddressActivity
ADDED from src\main\AndroidManifest.xml:253:9-256:20
	android:configChanges
		ADDED from src\main\AndroidManifest.xml:255:13-63
	android:name
		ADDED from src\main\AndroidManifest.xml:254:13-55
activity#com.lvdi.ruitianxia_cus.activity.BTerminaActivity
ADDED from src\main\AndroidManifest.xml:257:9-260:20
	android:configChanges
		ADDED from src\main\AndroidManifest.xml:259:13-63
	android:name
		ADDED from src\main\AndroidManifest.xml:258:13-54
activity#com.lvdi.ruitianxia_cus.activity.SettingActivity
ADDED from src\main\AndroidManifest.xml:261:9-264:20
	android:configChanges
		ADDED from src\main\AndroidManifest.xml:263:13-63
	android:name
		ADDED from src\main\AndroidManifest.xml:262:13-53
activity#com.lvdi.ruitianxia_cus.activity.ChangeLocationActivity
ADDED from src\main\AndroidManifest.xml:265:9-268:20
	android:configChanges
		ADDED from src\main\AndroidManifest.xml:267:13-63
	android:name
		ADDED from src\main\AndroidManifest.xml:266:13-60
activity#com.lvdi.ruitianxia_cus.activity.RandomProductActivity
ADDED from src\main\AndroidManifest.xml:269:9-272:20
	android:configChanges
		ADDED from src\main\AndroidManifest.xml:271:13-63
	android:name
		ADDED from src\main\AndroidManifest.xml:270:13-59
activity#com.lvdi.ruitianxia_cus.activity.NagivationActivity
ADDED from src\main\AndroidManifest.xml:273:9-276:20
	android:configChanges
		ADDED from src\main\AndroidManifest.xml:275:13-63
	android:name
		ADDED from src\main\AndroidManifest.xml:274:13-56
activity#com.lvdi.ruitianxia_cus.activity.AddAddressActivity
ADDED from src\main\AndroidManifest.xml:277:9-280:20
	android:configChanges
		ADDED from src\main\AndroidManifest.xml:279:13-63
	android:name
		ADDED from src\main\AndroidManifest.xml:278:13-56
activity#com.lvdi.ruitianxia_cus.activity.AddressDetailActivity
ADDED from src\main\AndroidManifest.xml:281:9-284:20
	android:configChanges
		ADDED from src\main\AndroidManifest.xml:283:13-63
	android:name
		ADDED from src\main\AndroidManifest.xml:282:13-59
activity#com.lvdi.ruitianxia_cus.activity.shopcart.ShopCartActivity
ADDED from src\main\AndroidManifest.xml:285:9-289:20
	android:configChanges
		ADDED from src\main\AndroidManifest.xml:287:13-63
	android:theme
		ADDED from src\main\AndroidManifest.xml:288:13-66
	android:name
		ADDED from src\main\AndroidManifest.xml:286:13-63
activity#com.lvdi.ruitianxia_cus.activity.shopcart.SelectO2OSaleActivity
ADDED from src\main\AndroidManifest.xml:290:9-294:20
	android:configChanges
		ADDED from src\main\AndroidManifest.xml:292:13-63
	android:theme
		ADDED from src\main\AndroidManifest.xml:293:13-55
	android:name
		ADDED from src\main\AndroidManifest.xml:291:13-68
activity#com.lvdi.ruitianxia_cus.activity.shopcart.SelectO2OServiceTimeActivity
ADDED from src\main\AndroidManifest.xml:295:9-299:20
	android:configChanges
		ADDED from src\main\AndroidManifest.xml:297:13-63
	android:theme
		ADDED from src\main\AndroidManifest.xml:298:13-55
	android:name
		ADDED from src\main\AndroidManifest.xml:296:13-75
activity#com.lvdi.ruitianxia_cus.activity.shopcart.ConfirmOrderActivity
ADDED from src\main\AndroidManifest.xml:300:9-304:20
	android:windowSoftInputMode
		ADDED from src\main\AndroidManifest.xml:303:13-52
	android:configChanges
		ADDED from src\main\AndroidManifest.xml:302:13-63
	android:name
		ADDED from src\main\AndroidManifest.xml:301:13-67
activity#com.lvdi.ruitianxia_cus.activity.shopcart.ConfirmO2OServiceActivity
ADDED from src\main\AndroidManifest.xml:305:9-309:20
	android:windowSoftInputMode
		ADDED from src\main\AndroidManifest.xml:308:13-52
	android:configChanges
		ADDED from src\main\AndroidManifest.xml:307:13-63
	android:name
		ADDED from src\main\AndroidManifest.xml:306:13-72
activity#com.lvdi.ruitianxia_cus.activity.order.OrderDetailActivity
ADDED from src\main\AndroidManifest.xml:310:9-316:20
	android:launchMode
		ADDED from src\main\AndroidManifest.xml:313:13-44
	android:configChanges
		ADDED from src\main\AndroidManifest.xml:314:13-63
	android:name
		ADDED from src\main\AndroidManifest.xml:311:13-63
activity#com.lvdi.ruitianxia_cus.activity.order.OrderListActivity
ADDED from src\main\AndroidManifest.xml:317:9-321:20
	android:configChanges
		ADDED from src\main\AndroidManifest.xml:319:13-63
	android:theme
		ADDED from src\main\AndroidManifest.xml:320:13-66
	android:name
		ADDED from src\main\AndroidManifest.xml:318:13-61
activity#com.lvdi.ruitianxia_cus.activity.order.RefundOrderActivity
ADDED from src\main\AndroidManifest.xml:322:9-325:20
	android:configChanges
		ADDED from src\main\AndroidManifest.xml:324:13-63
	android:name
		ADDED from src\main\AndroidManifest.xml:323:13-63
activity#com.lvdi.ruitianxia_cus.activity.ExpressQueryActivity
ADDED from src\main\AndroidManifest.xml:326:9-329:20
	android:configChanges
		ADDED from src\main\AndroidManifest.xml:328:13-63
	android:name
		ADDED from src\main\AndroidManifest.xml:327:13-58
activity#com.lvdi.ruitianxia_cus.activity.ServiceCustomActivity
ADDED from src\main\AndroidManifest.xml:330:9-333:20
	android:configChanges
		ADDED from src\main\AndroidManifest.xml:332:13-63
	android:name
		ADDED from src\main\AndroidManifest.xml:331:13-59
activity#com.lvdi.ruitianxia_cus.activity.ProtocolActivity
ADDED from src\main\AndroidManifest.xml:334:9-337:20
	android:configChanges
		ADDED from src\main\AndroidManifest.xml:336:13-63
	android:name
		ADDED from src\main\AndroidManifest.xml:335:13-54
service#com.baidu.location.f
ADDED from src\main\AndroidManifest.xml:339:9-343:19
	android:enabled
		ADDED from src\main\AndroidManifest.xml:341:13-35
	android:process
		ADDED from src\main\AndroidManifest.xml:342:13-38
	android:name
		ADDED from src\main\AndroidManifest.xml:340:13-48
meta-data#com.baidu.lbsapi.API_KEY
ADDED from src\main\AndroidManifest.xml:346:9-348:56
	android:value
		ADDED from src\main\AndroidManifest.xml:348:13-53
	android:name
		ADDED from src\main\AndroidManifest.xml:347:13-52
activity#com.umeng.update.UpdateDialogActivity
ADDED from src\main\AndroidManifest.xml:351:9-354:20
	android:theme
		ADDED from src\main\AndroidManifest.xml:353:13-72
	android:name
		ADDED from src\main\AndroidManifest.xml:352:13-65
meta-data#UMENG_APPKEY
ADDED from src\main\AndroidManifest.xml:360:9-363:21
	android:value
		ADDED from src\main\AndroidManifest.xml:362:13-53
	android:name
		ADDED from src\main\AndroidManifest.xml:361:13-40
meta-data#UMENG_CHANNEL
ADDED from src\main\AndroidManifest.xml:364:9-367:21
	android:value
		ADDED from src\main\AndroidManifest.xml:366:13-34
	android:name
		ADDED from src\main\AndroidManifest.xml:365:13-41
service#com.umeng.update.net.DownloadingService
ADDED from src\main\AndroidManifest.xml:369:9-372:19
	android:process
		ADDED from src\main\AndroidManifest.xml:371:13-50
	android:name
		ADDED from src\main\AndroidManifest.xml:370:13-67